<?xml version="1.0" encoding="UTF-8"?>
<con:testCase id="5aaff1d3-5527-4d39-9718-4794c789fb36" discardOkResults="false" failOnError="true" failTestCaseOnErrors="true" keepSession="false" name="Test Case 1" searchProperties="true" timeout="0" maxResults="0" xmlns:con="http://eviware.com/soapui/config">
  <con:settings>
    <con:setting id="5aaff1d3-5527-4d39-9718-4794c789fb36fileName">Test-Case-1</con:setting>
  </con:settings>
  <con:savedRecentRuns>1</con:savedRecentRuns>
  <con:testStep type="datasource" name="Data Source" id="99887629-6c6b-4b8e-9d51-c440f4fc1799">
    <con:settings/>
    <con:config xsi:type="con:DataSourceStep" xmlns:xsi="http://www.w3.org/2001/XMLSchema-instance">
      <con:dataSource type="Excel">
        <con:configuration>
          <file>C:/Users/MeenakshiVenkatachal/Desktop/Test.xlsx</file>
          <worksheet>Sheet1</worksheet>
          <cell>A2</cell>
          <ignoreEmpty>false</ignoreEmpty>
          <evaluateFormulas>false</evaluateFormulas>
        </con:configuration>
      </con:dataSource>
      <con:shared>true</con:shared>
      <con:restartShared>true</con:restartShared>
      <con:property>cat</con:property>
      <con:property/>
      <con:restartOnRun>true</con:restartOnRun>
    </con:config>
  </con:testStep>
  <con:testStep type="restrequest" name="REST Request" id="dc07bc13-671f-4555-bb91-affa41e79329">
    <con:settings/>
    <con:config service="Swagger" resourcePath="/pet" methodName="Method 1" xsi:type="con:RestRequestStep" xmlns:xsi="http://www.w3.org/2001/XMLSchema-instance">
      <con:restRequest name="REST Request" id="2ebc63f5-5428-4a6d-898e-7d8f8ccff8b6" mediaType="application/json" postQueryString="false">
        <con:settings>
          <con:setting id="com.eviware.soapui.impl.wsdl.WsdlRequest@request-headers">&lt;xml-fragment/></con:setting>
        </con:settings>
        <con:endpoint>https://petstore.swagger.io/v2</con:endpoint>
        <con:request>{
  "id": 0,
  "category": {
    "id": 234,
    "name": "${Data Source#cat}"
  },
  "name": "doggie",
  "photoUrls": [
    "string"
  ],
  "tags": [
    {
      "id": 456,
      "name": "cow"
    }
  ],
  "status": "available"
}</con:request>
        <con:originalUri>https://petstore.swagger.io/v2/v2/pet</con:originalUri>
        <con:credentials>
          <con:selectedAuthProfile>No Authorization</con:selectedAuthProfile>
          <con:authType>No Authorization</con:authType>
        </con:credentials>
        <con:jmsConfig JMSDeliveryMode="PERSISTENT"/>
        <con:parameters/>
        <con:parameterOrder>
          <con:entry>petID</con:entry>
        </con:parameterOrder>
      </con:restRequest>
    </con:config>
  </con:testStep>
  <con:testStep type="datasink" name="Data Sink" id="6e19f7be-c6ae-4d14-8b03-7511539be058">
    <con:settings/>
    <con:config xsi:type="con:DataSinkStep" xmlns:xsi="http://www.w3.org/2001/XMLSchema-instance">
      <con:dataSink type="Excel">
        <con:configuration>
          <file/>
          <outfile>C:/Users/MeenakshiVenkatachal/Desktop/Test.xlsx</outfile>
          <worksheet>Sheet1</worksheet>
          <cell>B2</cell>
          <evaluateFormulas>false</evaluateFormulas>
          <append>false</append>
        </con:configuration>
      </con:dataSink>
      <con:properties>
        <con:property>
          <con:name>ID</con:name>
          <con:value>${REST Request#Response#$['id']}</con:value>
        </con:property>
        <con:property>
          <con:name>Response</con:name>
          <con:value>${REST Request#Response}</con:value>
        </con:property>
        <con:property>
          <con:name>Name</con:name>
          <con:value>${REST Request#Response#$['category']['name']}</con:value>
        </con:property>
        <con:property>
          <con:name>Status</con:name>
          <con:value>${REST Request#Response#$['status']}</con:value>
        </con:property>
      </con:properties>
    </con:config>
  </con:testStep>
  <con:testStep type="datasourceloop" name="Data Source Loop" id="b1a9caf9-416e-4e80-8cf2-4bb0c12e4103">
    <con:settings/>
    <con:config>
      <dataSourceStep>Data Source</dataSourceStep>
      <targetStep>REST Request</targetStep>
      <discardResults>true</discardResults>
    </con:config>
  </con:testStep>
  <con:testStep type="restrequest" name="REST Request 2" id="427e07c5-5b5a-45a1-a3e7-32df1b117761">
    <con:settings/>
    <con:config service="Swagger" methodName="Method 1" resourcePath="/pet/{petId}" xsi:type="con:RestRequestStep" xmlns:xsi="http://www.w3.org/2001/XMLSchema-instance">
      <con:restRequest name="REST Request 2" id="9b09d598-2d24-49a3-878d-8bcd9f7aee33" mediaType="application/json">
        <con:settings>
          <con:setting id="com.eviware.soapui.impl.wsdl.WsdlRequest@request-headers">&lt;xml-fragment/></con:setting>
        </con:settings>
        <con:encoding>UTF-8</con:encoding>
        <con:endpoint>https://petstore.swagger.io/v2</con:endpoint>
        <con:request/>
        <con:originalUri>https://petstore.swagger.io/v2/pet/</con:originalUri>
        <con:assertion type="Valid HTTP Status Codes" id="36100d49-d814-4e66-89cb-d6422f0e23f0" name="Valid HTTP Status Codes">
          <con:settings/>
          <con:configuration>
            <codes>200</codes>
          </con:configuration>
        </con:assertion>
        <con:assertion type="Response SLA Assertion" id="7fe29797-0c97-4953-ac3e-0a2464be16dd" name="Response SLA">
          <con:configuration>
            <SLA>200</SLA>
          </con:configuration>
        </con:assertion>
        <con:credentials>
          <con:selectedAuthProfile>No Authorization</con:selectedAuthProfile>
          <con:authType>No Authorization</con:authType>
        </con:credentials>
        <con:jmsConfig JMSDeliveryMode="PERSISTENT"/>
        <con:parameters>
          <con:entry key="petId" value="${REST Request#petID}"/>
        </con:parameters>
      </con:restRequest>
    </con:config>
  </con:testStep>
  <con:properties/>
  <con:reportParameters/>
  <con:breakPoints>
    <con:testStepId>99887629-6c6b-4b8e-9d51-c440f4fc1799</con:testStepId>
    <con:status>NONE</con:status>
    <con:properties/>
  </con:breakPoints>
  <con:breakPoints>
    <con:testStepId>6e19f7be-c6ae-4d14-8b03-7511539be058</con:testStepId>
    <con:status>NONE</con:status>
    <con:properties/>
  </con:breakPoints>
</con:testCase>
